<?xml version="1.0" encoding="UTF-8"?>
<!-- Generated by org.testng.reporters.JUnitXMLReporter -->
<testsuite ignored="0" hostname="DESKTOP-SV7Q3I4" failures="0" tests="6" name="Command line test" time="33.968" errors="0" timestamp="11 Jun 2020 16:03:26 GMT">
  <testcase classname="com.stackpulse.automation.tests.ui.TodosTest" name="navigateToTodoPage" time="1.469"/>
  <testcase classname="com.stackpulse.automation.tests.ui.TodosTest" name="insertNewTask" time="7.045"/>
  <testcase classname="com.stackpulse.automation.tests.ui.TodosTest" name="verifyCompletedTasks" time="6.884"/>
  <testcase classname="com.stackpulse.automation.tests.ui.TodosTest" name="verifyActiveTasks" time="5.637"/>
  <testcase classname="com.stackpulse.automation.tests.ui.TodosTest" name="clearAllTasksAndVerify" time="0.689"/>
  <testcase classname="com.stackpulse.automation.tests.ui.TodosTest" name="markAllTasksAsDone" time="4.945"/>
</testsuite> <!-- Command line test -->
