<?xml version="1.0" encoding="UTF-8"?>
<testng-results ignored="0" total="6" passed="6" failed="0" skipped="0">
  <reporter-output>
  </reporter-output>
  <suite started-at="2020-06-11T16:13:34Z" name="Command line suite" finished-at="2020-06-11T16:14:46Z" duration-ms="71965">
    <groups>
    </groups>
    <test started-at="2020-06-11T16:13:34Z" name="Command line test" finished-at="2020-06-11T16:14:46Z" duration-ms="71965">
      <class name="com.stackpulse.automation.tests.ui.TodosTest">
        <test-method is-config="true" signature="baseUiSetup()[pri:0, instance:com.stackpulse.automation.tests.ui.TodosTest@4d0f2471]" started-at="2020-06-11T16:13:34Z" name="baseUiSetup" finished-at="2020-06-11T16:13:40Z" duration-ms="5906" status="PASS">
          <reporter-output>
          </reporter-output>
        </test-method> <!-- baseUiSetup -->
        <test-method is-config="true" signature="setup()[pri:0, instance:com.stackpulse.automation.tests.ui.TodosTest@4d0f2471]" started-at="2020-06-11T16:13:40Z" name="setup" finished-at="2020-06-11T16:13:40Z" duration-ms="33" status="PASS">
          <reporter-output>
          </reporter-output>
        </test-method> <!-- setup -->
        <test-method signature="navigateToTodoPage()[pri:5, instance:com.stackpulse.automation.tests.ui.TodosTest@4d0f2471]" started-at="2020-06-11T16:13:40Z" name="navigateToTodoPage" finished-at="2020-06-11T16:13:41Z" duration-ms="1152" status="PASS">
          <reporter-output>
          </reporter-output>
        </test-method> <!-- navigateToTodoPage -->
        <test-method is-config="true" signature="doAfterTestUnit(org.testng.ITestResult)[pri:0, instance:com.stackpulse.automation.tests.ui.TodosTest@4d0f2471]" started-at="2020-06-11T16:13:41Z" name="doAfterTestUnit" finished-at="2020-06-11T16:13:41Z" duration-ms="5" status="PASS">
          <params>
            <param index="0">
              <value>
                <![CDATA[[TestResult name=navigateToTodoPage status=SUCCESS method=TodosTest.navigateToTodoPage()[pri:5, instance:com.stackpulse.automation.tests.ui.TodosTest@4d0f2471] output={null}]]]>
              </value>
            </param>
          </params>
          <reporter-output>
          </reporter-output>
        </test-method> <!-- doAfterTestUnit -->
        <test-method signature="insertNewTask()[pri:10, instance:com.stackpulse.automation.tests.ui.TodosTest@4d0f2471]" started-at="2020-06-11T16:13:41Z" name="insertNewTask" finished-at="2020-06-11T16:13:55Z" duration-ms="13787" status="PASS">
          <reporter-output>
          </reporter-output>
        </test-method> <!-- insertNewTask -->
        <test-method is-config="true" signature="doAfterTestUnit(org.testng.ITestResult)[pri:0, instance:com.stackpulse.automation.tests.ui.TodosTest@4d0f2471]" started-at="2020-06-11T16:13:55Z" name="doAfterTestUnit" finished-at="2020-06-11T16:13:55Z" duration-ms="0" status="PASS">
          <params>
            <param index="0">
              <value>
                <![CDATA[[TestResult name=insertNewTask status=SUCCESS method=TodosTest.insertNewTask()[pri:10, instance:com.stackpulse.automation.tests.ui.TodosTest@4d0f2471] output={null}]]]>
              </value>
            </param>
          </params>
          <reporter-output>
          </reporter-output>
        </test-method> <!-- doAfterTestUnit -->
        <test-method signature="verifyCompletedTasks()[pri:15, instance:com.stackpulse.automation.tests.ui.TodosTest@4d0f2471]" started-at="2020-06-11T16:13:55Z" name="verifyCompletedTasks" finished-at="2020-06-11T16:14:14Z" duration-ms="18912" status="PASS">
          <reporter-output>
          </reporter-output>
        </test-method> <!-- verifyCompletedTasks -->
        <test-method is-config="true" signature="doAfterTestUnit(org.testng.ITestResult)[pri:0, instance:com.stackpulse.automation.tests.ui.TodosTest@4d0f2471]" started-at="2020-06-11T16:14:14Z" name="doAfterTestUnit" finished-at="2020-06-11T16:14:14Z" duration-ms="0" status="PASS">
          <params>
            <param index="0">
              <value>
                <![CDATA[[TestResult name=verifyCompletedTasks status=SUCCESS method=TodosTest.verifyCompletedTasks()[pri:15, instance:com.stackpulse.automation.tests.ui.TodosTest@4d0f2471] output={null}]]]>
              </value>
            </param>
          </params>
          <reporter-output>
          </reporter-output>
        </test-method> <!-- doAfterTestUnit -->
        <test-method signature="verifyActiveTasks()[pri:20, instance:com.stackpulse.automation.tests.ui.TodosTest@4d0f2471]" started-at="2020-06-11T16:14:14Z" name="verifyActiveTasks" finished-at="2020-06-11T16:14:29Z" duration-ms="15432" status="PASS">
          <reporter-output>
          </reporter-output>
        </test-method> <!-- verifyActiveTasks -->
        <test-method is-config="true" signature="doAfterTestUnit(org.testng.ITestResult)[pri:0, instance:com.stackpulse.automation.tests.ui.TodosTest@4d0f2471]" started-at="2020-06-11T16:14:29Z" name="doAfterTestUnit" finished-at="2020-06-11T16:14:29Z" duration-ms="0" status="PASS">
          <params>
            <param index="0">
              <value>
                <![CDATA[[TestResult name=verifyActiveTasks status=SUCCESS method=TodosTest.verifyActiveTasks()[pri:20, instance:com.stackpulse.automation.tests.ui.TodosTest@4d0f2471] output={null}]]]>
              </value>
            </param>
          </params>
          <reporter-output>
          </reporter-output>
        </test-method> <!-- doAfterTestUnit -->
        <test-method signature="clearAllTasksAndVerify()[pri:25, instance:com.stackpulse.automation.tests.ui.TodosTest@4d0f2471]" started-at="2020-06-11T16:14:29Z" name="clearAllTasksAndVerify" finished-at="2020-06-11T16:14:39Z" duration-ms="10393" status="PASS">
          <reporter-output>
          </reporter-output>
        </test-method> <!-- clearAllTasksAndVerify -->
        <test-method is-config="true" signature="doAfterTestUnit(org.testng.ITestResult)[pri:0, instance:com.stackpulse.automation.tests.ui.TodosTest@4d0f2471]" started-at="2020-06-11T16:14:39Z" name="doAfterTestUnit" finished-at="2020-06-11T16:14:39Z" duration-ms="0" status="PASS">
          <params>
            <param index="0">
              <value>
                <![CDATA[[TestResult name=clearAllTasksAndVerify status=SUCCESS method=TodosTest.clearAllTasksAndVerify()[pri:25, instance:com.stackpulse.automation.tests.ui.TodosTest@4d0f2471] output={null}]]]>
              </value>
            </param>
          </params>
          <reporter-output>
          </reporter-output>
        </test-method> <!-- doAfterTestUnit -->
        <test-method signature="markAllTasksAsDone()[pri:30, instance:com.stackpulse.automation.tests.ui.TodosTest@4d0f2471]" started-at="2020-06-11T16:14:39Z" name="markAllTasksAsDone" finished-at="2020-06-11T16:14:45Z" duration-ms="5686" status="PASS">
          <reporter-output>
          </reporter-output>
        </test-method> <!-- markAllTasksAsDone -->
        <test-method is-config="true" signature="baseUiTearDown()[pri:0, instance:com.stackpulse.automation.tests.ui.TodosTest@4d0f2471]" started-at="2020-06-11T16:14:45Z" name="baseUiTearDown" finished-at="2020-06-11T16:14:46Z" duration-ms="642" status="PASS">
          <reporter-output>
          </reporter-output>
        </test-method> <!-- baseUiTearDown -->
        <test-method is-config="true" signature="doAfterTestUnit(org.testng.ITestResult)[pri:0, instance:com.stackpulse.automation.tests.ui.TodosTest@4d0f2471]" started-at="2020-06-11T16:14:45Z" name="doAfterTestUnit" finished-at="2020-06-11T16:14:45Z" duration-ms="0" status="PASS">
          <params>
            <param index="0">
              <value>
                <![CDATA[[TestResult name=markAllTasksAsDone status=SUCCESS method=TodosTest.markAllTasksAsDone()[pri:30, instance:com.stackpulse.automation.tests.ui.TodosTest@4d0f2471] output={null}]]]>
              </value>
            </param>
          </params>
          <reporter-output>
          </reporter-output>
        </test-method> <!-- doAfterTestUnit -->
      </class> <!-- com.stackpulse.automation.tests.ui.TodosTest -->
    </test> <!-- Command line test -->
  </suite> <!-- Command line suite -->
</testng-results>
