<?xml version="1.0" encoding="UTF-8" ?>
<testsuite tests="6" failures="0" name="TestSuite" time="26.665" errors="0" skipped="0">
  <properties>
[...]
</properties>
  <testcase classname="com.stackpulse.automation.tests.ui.TodosTest" name="navigateToTodoPage" time="1.464"/>
  <testcase classname="com.stackpulse.automation.tests.ui.TodosTest" name="insertNewTask" time="7.046"/>
  <testcase classname="com.stackpulse.automation.tests.ui.TodosTest" name="verifyCompletedTasks" time="6.884"/>
  <testcase classname="com.stackpulse.automation.tests.ui.TodosTest" name="verifyActiveTasks" time="5.637"/>
  <testcase classname="com.stackpulse.automation.tests.ui.TodosTest" name="clearAllTasksAndVerify" time="0.689"/>
  <testcase classname="com.stackpulse.automation.tests.ui.TodosTest" name="markAllTasksAsDone" time="4.945"/>
</testsuite>